#
# There is insufficient memory for the Java Runtime Environment to continue.
# Native memory allocation (mmap) failed to map 132120576 bytes for G1 virtual space
# Possible reasons:
#   The system is out of physical RAM or swap space
#   The process is running with CompressedOops enabled, and the Java Heap may be blocking the growth of the native heap
# Possible solutions:
#   Reduce memory load on the system
#   Increase physical memory or swap space
#   Check if swap backing store is full
#   Decrease Java heap size (-Xmx/-Xms)
#   Decrease number of Java threads
#   Decrease Java thread stack sizes (-Xss)
#   Set larger code cache with -XX:ReservedCodeCacheSize=
#   JVM is running with Unscaled Compressed Oops mode in which the Java heap is
#     placed in the first 4GB address space. The Java Heap base address is the
#     maximum limit for the native heap growth. Please use -XX:HeapBaseMinAddress
#     to set the Java Heap base and to place the Java Heap above 4GB virtual address.
# This output file may be truncated or incomplete.
#
#  Out of Memory Error (os_windows.cpp:3527), pid=11228, tid=29248
#
# JRE version:  (19.0.1+10) (build )
# Java VM: Java HotSpot(TM) 64-Bit Server VM (19.0.1+10-21, mixed mode, sharing, tiered, compressed oops, compressed class ptrs, g1 gc, windows-amd64)
# No core dump will be written. Minidumps are not enabled by default on client versions of Windows
#

---------------  S U M M A R Y ------------

Command Line: -Dfile.encoding=UTF-8 airline.Flight_Info

Host: Intel(R) Core(TM) i5-1035G1 CPU @ 1.00GHz, 8 cores, 7G,  Windows 11 , 64 bit Build 22621 (10.0.22621.1928)
Time: Wed Jul  5 15:41:22 2023 India Standard Time elapsed time: 0.013255 seconds (0d 0h 0m 0s)

---------------  T H R E A D  ---------------

Current thread (0x000002267d877710):  JavaThread "Unknown thread" [_thread_in_vm, id=29248, stack(0x000000f2d3400000,0x000000f2d3500000)]

Stack: [0x000000f2d3400000,0x000000f2d3500000]
Native frames: (J=compiled Java code, j=interpreted, Vv=VM code, C=native code)
V  [jvm.dll+0x6ee8fa]
V  [jvm.dll+0x857a1e]
V  [jvm.dll+0x85940e]
V  [jvm.dll+0x859ac3]
V  [jvm.dll+0x28291f]
V  [jvm.dll+0x6eb6e9]
V  [jvm.dll+0x6e028a]
V  [jvm.dll+0x357136]
V  [jvm.dll+0x35eb96]
V  [jvm.dll+0x3b555e]
V  [jvm.dll+0x3b578f]
V  [jvm.dll+0x32c6ea]
V  [jvm.dll+0x32d59e]
V  [jvm.dll+0x821b20]
V  [jvm.dll+0x3c27c1]
V  [jvm.dll+0x8022f1]
V  [jvm.dll+0x44b30f]
V  [jvm.dll+0x44cc91]
C  [jli.dll+0x5287]
C  [ucrtbase.dll+0x29363]
C  [KERNEL32.DLL+0x126ad]
C  [ntdll.dll+0x5aa68]


---------------  P R O C E S S  ---------------

Threads class SMR info:
_java_thread_list=0x00007ffd13e9d048, length=0, elements={
}

Java Threads: ( => current thread )

Other Threads:
  0x000002267d8da010 WorkerThread "GC Thread#0" [stack: 0x000000f2d3500000,0x000000f2d3600000] [id=14180]
  0x000002267d8ea740 ConcurrentGCThread "G1 Main Marker" [stack: 0x000000f2d3600000,0x000000f2d3700000] [id=10288]
  0x000002267d8eb380 WorkerThread "G1 Conc#0" [stack: 0x000000f2d3700000,0x000000f2d3800000] [id=3996]

[error occurred during error reporting (printing all threads), id 0xc0000005, EXCEPTION_ACCESS_VIOLATION (0xc0000005) at pc=0x00007ffd1365d127]

VM state: not at safepoint (not fully initialized)

VM Mutex/Monitor currently owned by a thread:  ([mutex/lock_event])
[0x000002267d874a60] Heap_lock - owner thread: 0x000002267d877710

Heap address: 0x0000000083a00000, size: 1990 MB, Compressed Oops mode: 32-bit

CDS archive(s) mapped at: [0x0000000000000000-0x0000000000000000-0x0000000000000000), size 0, SharedBaseAddress: 0x0000000800000000, ArchiveRelocationMode: 0.
Narrow klass base: 0x0000000000000000, Narrow klass shift: 0, Narrow klass range: 0x0

GC Precious Log:
 CardTable entry size: 512
 Card Set container configuration: InlinePtr #cards 5 size 8 Array Of Cards #cards 12 size 40 Howl #buckets 4 coarsen threshold 1843 Howl Bitmap #cards 512 size 80 coarsen threshold 460 Card regions per heap region 1 cards per card region 2048

Heap:
 garbage-first heap   total 0K, used 0K [0x0000000083a00000, 0x0000000100000000)
  region size 1024K, 0 young (0K), 0 survivors (0K)

[error occurred during error reporting (printing heap information), id 0xc0000005, EXCEPTION_ACCESS_VIOLATION (0xc0000005) at pc=0x00007ffd13a66959]

GC Heap History (0 events):
No events

Dll operation events (1 events):
Event: 0.008 Loaded shared library C:\Program Files\Java\jdk-19\bin\java.dll

Deoptimization events (0 events):
No events

Classes loaded (0 events):
No events

Classes unloaded (0 events):
No events

Classes redefined (0 events):
No events

Internal exceptions (0 events):
No events

VM Operations (0 events):
No events

Events (0 events):
No events


Dynamic libraries:
0x00007ff6cd430000 - 0x00007ff6cd440000 	C:\Program Files\Java\jdk-19\bin\java.exe
0x00007ffd5cd50000 - 0x00007ffd5cf64000 	C:\WINDOWS\SYSTEM32\ntdll.dll
0x00007ffd5b210000 - 0x00007ffd5b2d2000 	C:\WINDOWS\System32\KERNEL32.DLL
0x00007ffd5a260000 - 0x00007ffd5a603000 	C:\WINDOWS\System32\KERNELBASE.dll
0x00007ffd5a690000 - 0x00007ffd5a7a1000 	C:\WINDOWS\System32\ucrtbase.dll
0x00007ffd4b230000 - 0x00007ffd4b24b000 	C:\Program Files\Java\jdk-19\bin\VCRUNTIME140.dll
0x00007ffd504a0000 - 0x00007ffd504b8000 	C:\Program Files\Java\jdk-19\bin\jli.dll
0x00007ffd5acc0000 - 0x00007ffd5ad6e000 	C:\WINDOWS\System32\ADVAPI32.dll
0x00007ffd5b5f0000 - 0x00007ffd5b697000 	C:\WINDOWS\System32\msvcrt.dll
0x00007ffd5b070000 - 0x00007ffd5b114000 	C:\WINDOWS\System32\sechost.dll
0x00007ffd5af50000 - 0x00007ffd5b067000 	C:\WINDOWS\System32\RPCRT4.dll
0x00007ffd5ada0000 - 0x00007ffd5af4a000 	C:\WINDOWS\System32\USER32.dll
0x00007ffd5a990000 - 0x00007ffd5a9b6000 	C:\WINDOWS\System32\win32u.dll
0x00007ffd469d0000 - 0x00007ffd46c5e000 	C:\WINDOWS\WinSxS\amd64_microsoft.windows.common-controls_6595b64144ccf1df_6.0.22621.1635_none_270f70857386168e\COMCTL32.dll
0x00007ffd5b560000 - 0x00007ffd5b589000 	C:\WINDOWS\System32\GDI32.dll
0x00007ffd5a7b0000 - 0x00007ffd5a8c9000 	C:\WINDOWS\System32\gdi32full.dll
0x00007ffd5a1c0000 - 0x00007ffd5a25a000 	C:\WINDOWS\System32\msvcp_win.dll
0x00007ffd53ed0000 - 0x00007ffd53eda000 	C:\WINDOWS\SYSTEM32\VERSION.dll
0x00007ffd5b360000 - 0x00007ffd5b391000 	C:\WINDOWS\System32\IMM32.DLL
0x00007ffd50dc0000 - 0x00007ffd50dcc000 	C:\Program Files\Java\jdk-19\bin\vcruntime140_1.dll
0x00007ffd33180000 - 0x00007ffd3320e000 	C:\Program Files\Java\jdk-19\bin\msvcp140.dll
0x00007ffd13320000 - 0x00007ffd13fe0000 	C:\Program Files\Java\jdk-19\bin\server\jvm.dll
0x00007ffd50ac0000 - 0x00007ffd50ac9000 	C:\WINDOWS\SYSTEM32\WSOCK32.dll
0x00007ffd57bd0000 - 0x00007ffd57c04000 	C:\WINDOWS\SYSTEM32\WINMM.dll
0x00007ffd5b2e0000 - 0x00007ffd5b351000 	C:\WINDOWS\System32\WS2_32.dll
0x00007ffd59240000 - 0x00007ffd59258000 	C:\WINDOWS\SYSTEM32\kernel.appcore.dll
0x00007ffd50c60000 - 0x00007ffd50c6a000 	C:\Program Files\Java\jdk-19\bin\jimage.dll
0x00007ffd579a0000 - 0x00007ffd57bce000 	C:\WINDOWS\SYSTEM32\DBGHELP.DLL
0x00007ffd5c980000 - 0x00007ffd5cd09000 	C:\WINDOWS\System32\combase.dll
0x00007ffd5c8a0000 - 0x00007ffd5c977000 	C:\WINDOWS\System32\OLEAUT32.dll
0x00007ffd57930000 - 0x00007ffd57962000 	C:\WINDOWS\SYSTEM32\dbgcore.DLL
0x00007ffd5a610000 - 0x00007ffd5a68a000 	C:\WINDOWS\System32\bcryptPrimitives.dll
0x00007ffd46ec0000 - 0x00007ffd46ee6000 	C:\Program Files\Java\jdk-19\bin\java.dll

dbghelp: loaded successfully - version: 4.0.5 - missing functions: none
symbol engine: initialized successfully - sym options: 0x614 - pdb path: .;C:\Program Files\Java\jdk-19\bin;C:\WINDOWS\SYSTEM32;C:\WINDOWS\WinSxS\amd64_microsoft.windows.common-controls_6595b64144ccf1df_6.0.22621.1635_none_270f70857386168e;C:\Program Files\Java\jdk-19\bin\server

VM Arguments:
jvm_args: -Dfile.encoding=UTF-8 
java_command: airline.Flight_Info
java_class_path (initial): C:\Users\ajitk\Desktop\Java Program\JDBC\mysql-connector-j-8.0.31.jar;C:\Users\ajitk\Documents\NetBeansProjects\Airline-Reservation-System\Airline-Reservation-System\rs2xml.jar;C:\Users\ajitk\Documents\NetBeansProjects\Airline-Reservation-System\Airline-Reservation-System\build\classes
Launcher Type: SUN_STANDARD

[Global flags]
     intx CICompilerCount                          = 4                                         {product} {ergonomic}
     uint ConcGCThreads                            = 2                                         {product} {ergonomic}
     uint G1ConcRefinementThreads                  = 8                                         {product} {ergonomic}
   size_t G1HeapRegionSize                         = 1048576                                   {product} {ergonomic}
    uintx GCDrainStackTargetSize                   = 64                                        {product} {ergonomic}
   size_t InitialHeapSize                          = 132120576                                 {product} {ergonomic}
   size_t MarkStackSize                            = 4194304                                   {product} {ergonomic}
   size_t MaxHeapSize                              = 2086666240                                {product} {ergonomic}
   size_t MinHeapDeltaBytes                        = 1048576                                   {product} {ergonomic}
   size_t MinHeapSize                              = 8388608                                   {product} {ergonomic}
    uintx NonNMethodCodeHeapSize                   = 5839372                                {pd product} {ergonomic}
    uintx NonProfiledCodeHeapSize                  = 122909434                              {pd product} {ergonomic}
    uintx ProfiledCodeHeapSize                     = 122909434                              {pd product} {ergonomic}
    uintx ReservedCodeCacheSize                    = 251658240                              {pd product} {ergonomic}
     bool SegmentedCodeCache                       = true                                      {product} {ergonomic}
   size_t SoftMaxHeapSize                          = 2086666240                             {manageable} {ergonomic}
     bool UseCompressedClassPointers               = true                           {product lp64_product} {ergonomic}
     bool UseCompressedOops                        = true                           {product lp64_product} {ergonomic}
     bool UseG1GC                                  = true                                      {product} {ergonomic}
     bool UseLargePagesIndividualAllocation        = false                                  {pd product} {ergonomic}

Logging:
Log output configuration:
 #0: stdout all=warning uptime,level,tags foldmultilines=false
 #1: stderr all=off uptime,level,tags foldmultilines=false

Environment Variables:
CLASSPATH=C:\Program Files\Java\jdk-17.0.1\mysql-connector-j-8.0.31\mysql-connector-j-8.0.31;.;
PATH=C:\Program Files\Common Files\Oracle\Java\javapath;C:\python310\Scripts\;C:\python310\;C:\Windows\system32;C:\Windows;C:\Windows\System32\Wbem;C:\Windows\System32\WindowsPowerShell\v1.0\;C:\Windows\System32\OpenSSH\;C:\Program Files (x86)\NVIDIA Corporation\PhysX\Common;C:\MinGW\bin;C:\Program Files\dotnet\;C:\WINDOWS\system32;C:\WINDOWS;C:\WINDOWS\System32\Wbem;C:\WINDOWS\System32\WindowsPowerShell\v1.0\;C:\WINDOWS\System32\OpenSSH\;C:\Program Files\PostgreSQL\15\bin;C:\Program Files\Java\jdk1.8.0_144\bin;C:\Program Files\Java\jdk-19\bin;C:\Program Files\Java\jdk-19\bin;C:\Program Files\MySQL\MySQL Server 8.0\bin;C:\Program Files (x86)\Microsoft SQL Server\160\Tools\Binn\;C:\Program Files\Microsoft SQL Server\160\Tools\Binn\;C:\Program Files\Microsoft SQL Server\Client SDK\ODBC\170\Tools\Binn\;C:\Program Files\Microsoft SQL Server\160\DTS\Binn\;C:\Program Files (x86)\Microsoft SQL Server\160\DTS\Binn\;C:\Program Files\Azure Data Studio\bin;C:\Program Files\MySQL\MySQL Shell 8.0\bin\;C:\Users\ajitk\anaconda3;C:\Users\ajitk\anaconda3\Library\mingw-w64\bin;C:\Users\ajitk\anaconda3\Library\usr\bin;C:\Users\ajitk\anaconda3\Library\bin;C:\Users\ajitk\anaconda3\Scripts;C:\Program Files\Java\jdk-17.0.1\bin;C:\Program Files\JetBrains\IntelliJ IDEA Community Edition 2021.2.3\bin;C:\MinGW\bin;C:\Program Files\Azure Data Studio\bin;C:\Users\ajitk\AppData\Local\Microsoft\WindowsApps;C:\Users\ajitk\AppData\Local\atom\bin;C:\Program Files\JetBrains\IntelliJ IDEA Community Edition 2021.2.3\bin;;C:\Users\ajitk\AppData\Local\Programs\Microsoft VS Code\bin;C:\Program Files\Azure Data Studio\bin;C:\Program Files\Azure Data Studio\bin
USERNAME=Kumar Ajit
OS=Windows_NT
PROCESSOR_IDENTIFIER=Intel64 Family 6 Model 126 Stepping 5, GenuineIntel
TMP=C:\Users\ajitk\AppData\Local\Temp
TEMP=C:\Users\ajitk\AppData\Local\Temp



---------------  S Y S T E M  ---------------

OS:
 Windows 11 , 64 bit Build 22621 (10.0.22621.1928)
OS uptime: 7 days 6:56 hours
Hyper-V role detected

CPU: total 8 (initial active 8) (4 cores per cpu, 2 threads per core) family 6 model 126 stepping 5 microcode 0xb8, cx8, cmov, fxsr, ht, mmx, 3dnowpref, sse, sse2, sse3, ssse3, sse4.1, sse4.2, popcnt, lzcnt, tsc, tscinvbit, avx, avx2, aes, erms, clmul, bmi1, bmi2, adx, avx512f, avx512dq, avx512cd, avx512bw, avx512vl, sha, fma, vzeroupper, avx512_vpopcntdq, avx512_vpclmulqdq, avx512_vaes, avx512_vnni, clflush, clflushopt, avx512_vbmi2, avx512_vbmi, hv, rdtscp, rdpid, fsrm, gfni, avx512_bitalg

Memory: 4k page, system-wide physical 7959M (457M free)
TotalPageFile size 32535M (AvailPageFile size 35M)
current process WorkingSet (physical memory assigned to process): 11M, peak: 11M
current process commit charge ("private bytes"): 60M, peak: 186M

vm_info: Java HotSpot(TM) 64-Bit Server VM (19.0.1+10-21) for windows-amd64 JRE (19.0.1+10-21), built on 2022-09-14T12:45:06Z by "mach5one" with MS VC++ 17.1 (VS2022)

END.
